<?xml version="1.0" encoding="UTF-8" ?>
<testsuite tests="4" failures="0" name="com.itheima.test.DataSourceTest" time="3.589" errors="0" skipped="0">
  <properties>
    <property name="idea.version" value="2020.3.1"/>
    <property name="java.runtime.name" value="Java(TM) SE Runtime Environment"/>
    <property name="java.vm.version" value="11.0.9+7-LTS"/>
    <property name="sun.boot.library.path" value="E:\JDK\jdk-11.0.9\bin"/>
    <property name="maven.wagon.http.ssl.insecure" value="true"/>
    <property name="maven.multiModuleProjectDirectory" value="D:\MyWork\bilibili\Spring\itheima_spring_ioc_anno"/>
    <property name="java.vm.vendor" value="Oracle Corporation"/>
    <property name="java.vendor.url" value="https://openjdk.java.net/"/>
    <property name="guice.disable.misplaced.annotation.check" value="true"/>
    <property name="path.separator" value=";"/>
    <property name="java.vm.name" value="Java HotSpot(TM) 64-Bit Server VM"/>
    <property name="sun.os.patch.level" value=""/>
    <property name="user.script" value=""/>
    <property name="user.country" value="CN"/>
    <property name="sun.java.launcher" value="SUN_STANDARD"/>
    <property name="java.vm.specification.name" value="Java Virtual Machine Specification"/>
    <property name="user.dir" value="D:\MyWork\bilibili\Spring\itheima_spring_ioc_anno"/>
    <property name="java.vm.compressedOopsMode" value="32-bit"/>
    <property name="java.runtime.version" value="11.0.9+7-LTS"/>
    <property name="java.awt.graphicsenv" value="sun.awt.Win32GraphicsEnvironment"/>
    <property name="os.arch" value="amd64"/>
    <property name="java.io.tmpdir" value="C:\Users\wangy\AppData\Local\Temp\"/>
    <property name="line.separator" value="
"/>
    <property name="java.vm.specification.vendor" value="Oracle Corporation"/>
    <property name="user.variant" value=""/>
    <property name="os.name" value="Windows 10"/>
    <property name="maven.ext.class.path" value="E:\newDownload\IntelliJ IDEA 2020.3.1\plugins\maven\lib\maven-event-listener.jar"/>
    <property name="classworlds.conf" value="E:\mavenDownload\apache-maven-3.6.3\bin\m2.conf"/>
    <property name="sun.jnu.encoding" value="GBK"/>
    <property name="java.library.path" value="E:\JDK\jdk-11.0.9\bin;C:\WINDOWS\Sun\Java\bin;C:\WINDOWS\system32;C:\WINDOWS;C:\Program Files\Common Files\Oracle\Java\javapath;C:\Users\wangy\AppData\Local\Programs\Python\Python37-32\Scripts\;C:\Users\wangy\AppData\Local\Programs\Python\Python37-32\;E:\python\Scripts\;E:\python\;C:\WINDOWS\system32;C:\WINDOWS;C:\WINDOWS\System32\Wbem;C:\WINDOWS\System32\WindowsPowerShell\v1.0\;C:\WINDOWS\System32\OpenSSH\;C:\Program Files\MySQL\MySQL Server 5.5\bin;E:\Git\Git\cmd;C:\Program Files\nodejs\;&quot;E:\JDK\jdk-11.0.9\bin;E:\JDK\jdk-11.0.9\jre\bin;&quot;;E:\mavenDownload\apache-maven-3.6.3\bin;C:\Users\wangy\AppData\Local\Programs\Python\Python36-32\Scripts\;C:\Users\wangy\AppData\Local\Programs\Python\Python36-32\;C:\Users\wangy\AppData\Local\Programs\Python\Python37\Scripts\;C:\Users\wangy\AppData\Local\Programs\Python\Python37\;E:\新建文件夹 (2)\Scripts\;E:\新建文件夹 (2)\;C:\Users\wangy\AppData\Local\Programs\Python\Python36\Scripts\;C:\Users\wangy\AppData\Local\Programs\Python\Python36\;E:\python\Python36;E:\python\Python36\Scripts;E:\pycharm\PyCharm Community Edition 2019.1.2\bin;;C:\Users\wangy\AppData\Local\Microsoft\WindowsApps;C:\Users\wangy\AppData\Roaming\npm;%IntelliJ IDEA Community Edition%;E:\mavenDownload\apache-maven-3.6.3\bin;;D:\VSCode\Microsoft VS Code\bin;."/>
    <property name="maven.conf" value="E:\mavenDownload\apache-maven-3.6.3/conf"/>
    <property name="jdk.debug" value="release"/>
    <property name="java.class.version" value="55.0"/>
    <property name="java.specification.name" value="Java Platform API Specification"/>
    <property name="sun.management.compiler" value="HotSpot 64-Bit Tiered Compilers"/>
    <property name="os.version" value="10.0"/>
    <property name="maven.wagon.http.ssl.allowall" value="true"/>
    <property name="user.home" value="C:\Users\wangy"/>
    <property name="user.timezone" value="Asia/Shanghai"/>
    <property name="java.awt.printerjob" value="sun.awt.windows.WPrinterJob"/>
    <property name="file.encoding" value="UTF-8"/>
    <property name="java.specification.version" value="11"/>
    <property name="user.name" value="wangy"/>
    <property name="java.class.path" value="E:\mavenDownload\apache-maven-3.6.3\boot\plexus-classworlds-2.6.0.jar;E:\mavenDownload\apache-maven-3.6.3\boot\plexus-classworlds.license"/>
    <property name="java.vm.specification.version" value="11"/>
    <property name="sun.arch.data.model" value="64"/>
    <property name="sun.java.command" value="org.codehaus.classworlds.Launcher -Didea.version=2020.3.1 -s E:\mavenDownload\apache-maven-3.6.3\conf\settings.xml install"/>
    <property name="java.home" value="E:\JDK\jdk-11.0.9"/>
    <property name="user.language" value="zh"/>
    <property name="java.specification.vendor" value="Oracle Corporation"/>
    <property name="awt.toolkit" value="sun.awt.windows.WToolkit"/>
    <property name="java.vm.info" value="mixed mode"/>
    <property name="java.version" value="11.0.9"/>
    <property name="java.vendor" value="Oracle Corporation"/>
    <property name="maven.home" value="E:\mavenDownload\apache-maven-3.6.3"/>
    <property name="file.separator" value="\"/>
    <property name="java.version.date" value="2020-10-20"/>
    <property name="java.vendor.url.bug" value="https://bugreport.java.com/bugreport/"/>
    <property name="sun.io.unicode.encoding" value="UnicodeLittle"/>
    <property name="sun.cpu.endian" value="little"/>
    <property name="java.vendor.version" value="18.9"/>
    <property name="sun.desktop" value="windows"/>
    <property name="sun.cpu.isalist" value="amd64"/>
  </properties>
  <testcase classname="com.itheima.test.DataSourceTest" name="test" time="1.248"/>
  <testcase classname="com.itheima.test.DataSourceTest" name="test1" time="1.082"/>
  <testcase classname="com.itheima.test.DataSourceTest" name="test2" time="0.298"/>
  <testcase classname="com.itheima.test.DataSourceTest" name="test4" time="0.961"/>
</testsuite>